<?xml version="1.0" encoding="UTF-8"?>
<testsuite xmlns:xsi="http://www.w3.org/2001/XMLSchema-instance" xsi:noNamespaceSchemaLocation="https://maven.apache.org/surefire/maven-surefire-plugin/xsd/surefire-test-report-3.0.xsd" version="3.0" name="com.example.AppTest" time="0.043" tests="6" errors="0" skipped="0" failures="0">
  <properties>
[...]
</properties>
  <testcase name="testGetAverageGrade" classname="com.example.AppTest" time="0.02"/>
  <testcase name="testGetCourseLongName" classname="com.example.AppTest" time="0.001"/>
  <testcase name="testGetCourseName" classname="com.example.AppTest" time="0.002"/>
  <testcase name="testGetCourseNull" classname="com.example.AppTest" time="0.002"/>
  <testcase name="testGetCourseInvalidCourseName" classname="com.example.AppTest" time="0.001"/>
  <testcase name="testGetAverageGradeInvalidId" classname="com.example.AppTest" time="0.002"/>
</testsuite>